0 info it worked if it ends with ok
1 verbose cli [ 'C:\\Program Files\\nodejs\\node.exe',
1 verbose cli   'C:\\Program Files\\nodejs\\node_modules\\npm\\bin\\npm-cli.js',
1 verbose cli   'start' ]
2 info using npm@2.14.7
3 info using node@v4.2.2
<<<<<<< HEAD
4 verbose config Skipping project config: C:\Users\s_8108_web/.npmrc. (matches userconfig)
5 verbose stack Error: ENOENT: no such file or directory, open 'C:\Users\s_8108_web\package.json'
5 verbose stack     at Error (native)
6 verbose cwd C:\Users\s_8108_web\Desktop\nodejsbootcampfinal
7 error Windows_NT 6.3.9600
8 error argv "C:\\Program Files\\nodejs\\node.exe" "C:\\Program Files\\nodejs\\node_modules\\npm\\bin\\npm-cli.js" "start"
9 error node v4.2.2
10 error npm  v2.14.7
11 error path C:\Users\s_8108_web\package.json
12 error code ENOENT
13 error errno -4058
14 error syscall open
15 error enoent ENOENT: no such file or directory, open 'C:\Users\s_8108_web\package.json'
15 error enoent This is most likely not a problem with npm itself
15 error enoent and is related to npm not being able to find a file.
16 verbose exit [ -4058, true ]
=======
4 verbose readDependencies loading dependencies from C:\Users\s_8108_web\Desktop\nodejsbootcampfinal\package.json
5 error install Couldn't read dependencies
6 verbose stack Error: ENOENT: no such file or directory, open 'C:\Users\s_8108_web\Desktop\nodejsbootcampfinal\package.json'
6 verbose stack     at Error (native)
7 verbose cwd C:\Users\s_8108_web\Desktop\nodejsbootcampfinal
8 error Windows_NT 6.3.9600
9 error argv "C:\\Program Files\\nodejs\\node.exe" "C:\\Program Files\\nodejs\\node_modules\\npm\\bin\\npm-cli.js" "install"
10 error node v4.2.2
11 error npm  v2.14.7
12 error path C:\Users\s_8108_web\Desktop\nodejsbootcampfinal\package.json
13 error code ENOPACKAGEJSON
14 error errno -4058
15 error syscall open
16 error package.json ENOENT: no such file or directory, open 'C:\Users\s_8108_web\Desktop\nodejsbootcampfinal\package.json'
16 error package.json This is most likely not a problem with npm itself.
16 error package.json npm can't find a package.json file in your current directory.
17 verbose exit [ -4058, true ]
>>>>>>> 72532d6da61d80dd2f9b25424f300d14825c7c47
